0 info it worked if it ends with ok
1 verbose cli [ '/usr/local/Cellar/node/5.6.0/bin/node',
1 verbose cli   '/usr/local/bin/npm',
1 verbose cli   'publish' ]
2 info using npm@3.6.0
3 info using node@v5.6.0
4 verbose publish [ '.' ]
5 silly cache add args [ '.', null ]
6 verbose cache add spec .
7 silly cache add parsed spec Result {
7 silly cache add   raw: '.',
7 silly cache add   scope: null,
7 silly cache add   name: null,
7 silly cache add   rawSpec: '.',
7 silly cache add   spec: '/Users/bhuvana084/Documents/Git Projects/simple-angular2-datepicker',
7 silly cache add   type: 'directory' }
8 verbose addLocalDirectory /Users/bhuvana084/.npm/angular2-simple-datepicker/1.0.3/package.tgz not in flight; packing
9 verbose correctMkdir /Users/bhuvana084/.npm correctMkdir not in flight; initializing
10 info lifecycle angular2-simple-datepicker@1.0.3~prepublish: angular2-simple-datepicker@1.0.3
11 silly lifecycle angular2-simple-datepicker@1.0.3~prepublish: no script for prepublish, continuing
12 verbose tar pack [ '/Users/bhuvana084/.npm/angular2-simple-datepicker/1.0.3/package.tgz',
12 verbose tar pack   '/Users/bhuvana084/Documents/Git Projects/simple-angular2-datepicker' ]
13 verbose tarball /Users/bhuvana084/.npm/angular2-simple-datepicker/1.0.3/package.tgz
14 verbose folder /Users/bhuvana084/Documents/Git Projects/simple-angular2-datepicker
15 verbose addLocalTarball adding from inside cache /Users/bhuvana084/.npm/angular2-simple-datepicker/1.0.3/package.tgz
16 verbose correctMkdir /Users/bhuvana084/.npm correctMkdir not in flight; initializing
17 silly cache afterAdd angular2-simple-datepicker@1.0.3
18 verbose afterAdd /Users/bhuvana084/.npm/angular2-simple-datepicker/1.0.3/package/package.json not in flight; writing
19 verbose correctMkdir /Users/bhuvana084/.npm correctMkdir not in flight; initializing
20 verbose afterAdd /Users/bhuvana084/.npm/angular2-simple-datepicker/1.0.3/package/package.json written
21 silly publish { name: 'angular2-simple-datepicker',
21 silly publish   version: '1.0.3',
21 silly publish   description: 'Simple Angular2 Datepicker',
21 silly publish   keywords:
21 silly publish    [ 'datepicker',
21 silly publish      'angular2',
21 silly publish      'angular 2',
21 silly publish      'basic datepicker',
21 silly publish      'simple datepicker',
21 silly publish      'calendar widget',
21 silly publish      'angular2 components' ],
21 silly publish   scripts:
21 silly publish    { postinstall: 'npm run typings install',
21 silly publish      tsc: 'tsc',
21 silly publish      'tsc:w': 'tsc -w',
21 silly publish      lite: 'lite-server',
21 silly publish      start: 'concurrent "npm run tsc:w" "npm run lite" ',
21 silly publish      typings: 'typings' },
21 silly publish   license: 'MIT',
21 silly publish   dependencies:
21 silly publish    { angular2: '2.0.0-beta.6',
21 silly publish      'es6-promise': '^3.0.2',
21 silly publish      'es6-shim': '^0.33.3',
21 silly publish      moment: '^2.12.0',
21 silly publish      'reflect-metadata': '0.1.2',
21 silly publish      rxjs: '5.0.0-beta.0',
21 silly publish      systemjs: '0.19.20',
21 silly publish      'zone.js': '0.5.14' },
21 silly publish   devDependencies:
21 silly publish    { concurrently: '^1.0.0',
21 silly publish      'lite-server': '^2.0.1',
21 silly publish      typescript: '^1.7.5',
21 silly publish      typings: '^0.6.8' },
21 silly publish   repository:
21 silly publish    { type: 'git',
21 silly publish      url: 'git+https://github.com/bhuvana084/simple-angular2-datepicker.git' },
21 silly publish   author: { name: 'Bhuvaneswari Lakshminarayanan' },
21 silly publish   readme: '# Angular 2 Datepicker\nA simple date picker developed as a Angular2 component.\nCSS styling referred from the awesome style created for a pretty little calendar by John Sardine in http://johnsardine.com/freebies/dl-html-css/pretty-little-calendar-css3/\n# Pre-requisites\nInstal Node.js, npm and git\n# Steps\n1. Use "git clone" and clone the project in the desired folder.\n2. Run "npm install" which would install node_modules.\n3. Run "npm start"\n\n# Screenshot\n[Click here](https://github.com/bhuvana084/simple-angular2-datepicker/blob/master/screenshot.pdf)',
21 silly publish   readmeFilename: 'README.md',
21 silly publish   gitHead: 'f9236fb9008ac53591a455228724f83c3b3c8530',
21 silly publish   bugs: { url: 'https://github.com/bhuvana084/simple-angular2-datepicker/issues' },
21 silly publish   homepage: 'https://github.com/bhuvana084/simple-angular2-datepicker#readme',
21 silly publish   _id: 'angular2-simple-datepicker@1.0.3',
21 silly publish   _shasum: 'ba458b08339af015813357c3792bef7402d88329',
21 silly publish   _from: '.' }
22 verbose getPublishConfig undefined
23 silly mapToRegistry name angular2-simple-datepicker
24 silly mapToRegistry using default registry
25 silly mapToRegistry registry https://registry.npmjs.org/
26 silly mapToRegistry uri https://registry.npmjs.org/angular2-simple-datepicker
27 verbose publish registryBase https://registry.npmjs.org/
28 silly publish uploading /Users/bhuvana084/.npm/angular2-simple-datepicker/1.0.3/package.tgz
29 verbose request uri https://registry.npmjs.org/angular2-simple-datepicker
30 verbose request sending authorization for write operation
31 info attempt registry request try #1 at 8:24:05 PM
32 verbose request using bearer token for auth
33 verbose request id 2abb1788de8126b4
34 http request PUT https://registry.npmjs.org/angular2-simple-datepicker
35 http 403 https://registry.npmjs.org/angular2-simple-datepicker
36 verbose headers { 'content-type': 'application/json',
36 verbose headers   'cache-control': 'max-age=300',
36 verbose headers   'content-length': '95',
36 verbose headers   'accept-ranges': 'bytes',
36 verbose headers   date: 'Thu, 24 Mar 2016 00:24:06 GMT',
36 verbose headers   via: '1.1 varnish',
36 verbose headers   connection: 'keep-alive',
36 verbose headers   'x-served-by': 'cache-atl6241-ATL',
36 verbose headers   'x-cache': 'MISS',
36 verbose headers   'x-cache-hits': '0',
36 verbose headers   'x-timer': 'S1458779045.758068,VS0,VE1035' }
37 verbose request invalidating /Users/bhuvana084/.npm/registry.npmjs.org/angular2-simple-datepicker on PUT
38 error publish Failed PUT 403
39 verbose stack Error: "You cannot publish over the previously published version 1.0.3." : angular2-simple-datepicker
39 verbose stack     at makeError (/usr/local/lib/node_modules/npm/node_modules/npm-registry-client/lib/request.js:264:12)
39 verbose stack     at CachingRegistryClient.<anonymous> (/usr/local/lib/node_modules/npm/node_modules/npm-registry-client/lib/request.js:252:14)
39 verbose stack     at Request._callback (/usr/local/lib/node_modules/npm/node_modules/npm-registry-client/lib/request.js:172:14)
39 verbose stack     at Request.self.callback (/usr/local/lib/node_modules/npm/node_modules/request/request.js:198:22)
39 verbose stack     at emitTwo (events.js:100:13)
39 verbose stack     at Request.emit (events.js:185:7)
39 verbose stack     at Request.<anonymous> (/usr/local/lib/node_modules/npm/node_modules/request/request.js:1035:10)
39 verbose stack     at emitOne (events.js:95:20)
39 verbose stack     at Request.emit (events.js:182:7)
39 verbose stack     at IncomingMessage.<anonymous> (/usr/local/lib/node_modules/npm/node_modules/request/request.js:962:12)
40 verbose statusCode 403
41 verbose pkgid angular2-simple-datepicker
42 verbose cwd /Users/bhuvana084/Documents/Git Projects/simple-angular2-datepicker
43 error Darwin 14.5.0
44 error argv "/usr/local/Cellar/node/5.6.0/bin/node" "/usr/local/bin/npm" "publish"
45 error node v5.6.0
46 error npm  v3.6.0
47 error code E403
48 error "You cannot publish over the previously published version 1.0.3." : angular2-simple-datepicker
49 error If you need help, you may report this error at:
49 error     <https://github.com/npm/npm/issues>
50 verbose exit [ 1, true ]
